<?xml version="1.0" encoding="UTF-8"?>
<coverage generated="1646507619275" clover="3.2.0">
  <project timestamp="1646507619275" name="All files">
    <metrics statements="26" coveredstatements="19" conditionals="4" coveredconditionals="2" methods="10" coveredmethods="5" elements="40" coveredelements="26" complexity="0" loc="26" ncloc="26" packages="3" files="3" classes="3"/>
    <package name="encrypter">
      <metrics statements="4" coveredstatements="3" conditionals="0" coveredconditionals="0" methods="2" coveredmethods="1"/>
      <file name="index.ts" path="/home/allanscala/Documentos/Projetos/management-of-clients/backend/src/services/encrypter/index.ts">
        <metrics statements="4" coveredstatements="3" conditionals="0" coveredconditionals="0" methods="2" coveredmethods="1"/>
        <line num="1" count="1" type="stmt"/>
        <line num="3" count="1" type="stmt"/>
        <line num="5" count="0" type="stmt"/>
        <line num="9" count="1" type="stmt"/>
      </file>
    </package>
    <package name="login">
      <metrics statements="14" coveredstatements="12" conditionals="3" coveredconditionals="1" methods="2" coveredmethods="2"/>
      <file name="index.ts" path="/home/allanscala/Documentos/Projetos/management-of-clients/backend/src/services/login/index.ts">
        <metrics statements="14" coveredstatements="12" conditionals="3" coveredconditionals="1" methods="2" coveredmethods="2"/>
        <line num="1" count="1" type="stmt"/>
        <line num="2" count="1" type="stmt"/>
        <line num="3" count="1" type="stmt"/>
        <line num="4" count="1" type="stmt"/>
        <line num="6" count="1" type="stmt"/>
        <line num="8" count="1" type="cond" truecount="1" falsecount="0"/>
        <line num="12" count="1" type="stmt"/>
        <line num="14" count="1" type="cond" truecount="0" falsecount="1"/>
        <line num="15" count="0" type="stmt"/>
        <line num="18" count="1" type="stmt"/>
        <line num="20" count="1" type="cond" truecount="0" falsecount="1"/>
        <line num="21" count="0" type="stmt"/>
        <line num="24" count="1" type="stmt"/>
        <line num="33" count="1" type="stmt"/>
      </file>
    </package>
    <package name="user">
      <metrics statements="8" coveredstatements="4" conditionals="1" coveredconditionals="1" methods="6" coveredmethods="2"/>
      <file name="index.ts" path="/home/allanscala/Documentos/Projetos/management-of-clients/backend/src/services/user/index.ts">
        <metrics statements="8" coveredstatements="4" conditionals="1" coveredconditionals="1" methods="6" coveredmethods="2"/>
        <line num="1" count="1" type="stmt"/>
        <line num="4" count="1" type="stmt"/>
        <line num="5" count="1" type="cond" truecount="1" falsecount="0"/>
        <line num="9" count="0" type="stmt"/>
        <line num="20" count="0" type="stmt"/>
        <line num="29" count="1" type="stmt"/>
        <line num="38" count="0" type="stmt"/>
        <line num="52" count="0" type="stmt"/>
      </file>
    </package>
  </project>
</coverage>
