{"/home/allanscala/Documentos/Projetos/management-of-clients/backend/src/services/encrypter/index.ts": {"path":"/home/allanscala/Documentos/Projetos/management-of-clients/backend/src/services/encrypter/index.ts","statementMap":{"0":{"start":{"line":1,"column":0},"end":{"line":1,"column":40}},"1":{"start":{"line":5,"column":8},"end":{"line":5,"column":null}},"2":{"start":{"line":9,"column":8},"end":{"line":9,"column":null}},"3":{"start":{"line":3,"column":0},"end":{"line":3,"column":13}}},"fnMap":{"0":{"name":"(anonymous_7)","decl":{"start":{"line":4,"column":10},"end":{"line":4,"column":14}},"loc":{"start":{"line":4,"column":42},"end":{"line":6,"column":null}}},"1":{"name":"(anonymous_9)","decl":{"start":{"line":8,"column":10},"end":{"line":8,"column":17}},"loc":{"start":{"line":8,"column":57},"end":{"line":10,"column":null}}}},"branchMap":{},"s":{"0":1,"1":0,"2":1,"3":1},"f":{"0":0,"1":1},"b":{}}
,"/home/allanscala/Documentos/Projetos/management-of-clients/backend/src/services/login/index.ts": {"path":"/home/allanscala/Documentos/Projetos/management-of-clients/backend/src/services/login/index.ts","statementMap":{"0":{"start":{"line":1,"column":0},"end":{"line":1,"column":37}},"1":{"start":{"line":2,"column":0},"end":{"line":2,"column":35}},"2":{"start":{"line":3,"column":0},"end":{"line":3,"column":22}},"3":{"start":{"line":4,"column":0},"end":{"line":4,"column":47}},"4":{"start":{"line":8,"column":25},"end":{"line":8,"column":39}},"5":{"start":{"line":12,"column":27},"end":{"line":12,"column":79}},"6":{"start":{"line":14,"column":8},"end":{"line":16,"column":null}},"7":{"start":{"line":15,"column":12},"end":{"line":15,"column":null}},"8":{"start":{"line":18,"column":32},"end":{"line":18,"column":102}},"9":{"start":{"line":20,"column":8},"end":{"line":22,"column":null}},"10":{"start":{"line":21,"column":12},"end":{"line":21,"column":null}},"11":{"start":{"line":24,"column":30},"end":{"line":31,"column":10}},"12":{"start":{"line":33,"column":8},"end":{"line":33,"column":null}},"13":{"start":{"line":6,"column":0},"end":{"line":6,"column":13}}},"fnMap":{"0":{"name":"(anonymous_7)","decl":{"start":{"line":7,"column":4},"end":{"line":7,"column":null}},"loc":{"start":{"line":8,"column":68},"end":{"line":9,"column":7}}},"1":{"name":"(anonymous_8)","decl":{"start":{"line":11,"column":10},"end":{"line":11,"column":15}},"loc":{"start":{"line":11,"column":50},"end":{"line":35,"column":null}}}},"branchMap":{"0":{"loc":{"start":{"line":8,"column":25},"end":{"line":8,"column":68}},"type":"default-arg","locations":[{"start":{"line":8,"column":39},"end":{"line":8,"column":68}}]},"1":{"loc":{"start":{"line":14,"column":8},"end":{"line":16,"column":null}},"type":"if","locations":[{"start":{"line":14,"column":8},"end":{"line":16,"column":null}}]},"2":{"loc":{"start":{"line":20,"column":8},"end":{"line":22,"column":null}},"type":"if","locations":[{"start":{"line":20,"column":8},"end":{"line":22,"column":null}}]}},"s":{"0":1,"1":1,"2":1,"3":1,"4":1,"5":1,"6":1,"7":0,"8":1,"9":1,"10":0,"11":1,"12":1,"13":1},"f":{"0":1,"1":1},"b":{"0":[1],"1":[0],"2":[0]}}
,"/home/allanscala/Documentos/Projetos/management-of-clients/backend/src/services/user/index.ts": {"path":"/home/allanscala/Documentos/Projetos/management-of-clients/backend/src/services/user/index.ts","statementMap":{"0":{"start":{"line":1,"column":0},"end":{"line":1,"column":75}},"1":{"start":{"line":5,"column":33},"end":{"line":5,"column":42}},"2":{"start":{"line":9,"column":8},"end":{"line":15,"column":null}},"3":{"start":{"line":20,"column":8},"end":{"line":24,"column":null}},"4":{"start":{"line":29,"column":8},"end":{"line":33,"column":null}},"5":{"start":{"line":38,"column":8},"end":{"line":47,"column":null}},"6":{"start":{"line":52,"column":8},"end":{"line":56,"column":null}},"7":{"start":{"line":4,"column":0},"end":{"line":4,"column":13}}},"fnMap":{"0":{"name":"(anonymous_7)","decl":{"start":{"line":5,"column":4},"end":{"line":5,"column":33}},"loc":{"start":{"line":5,"column":60},"end":{"line":5,"column":63}}},"1":{"name":"(anonymous_8)","decl":{"start":{"line":7,"column":10},"end":{"line":7,"column":20}},"loc":{"start":{"line":7,"column":32},"end":{"line":16,"column":null}}},"2":{"name":"(anonymous_10)","decl":{"start":{"line":18,"column":10},"end":{"line":18,"column":22}},"loc":{"start":{"line":18,"column":33},"end":{"line":25,"column":null}}},"3":{"name":"(anonymous_12)","decl":{"start":{"line":27,"column":10},"end":{"line":27,"column":28}},"loc":{"start":{"line":27,"column":45},"end":{"line":34,"column":null}}},"4":{"name":"(anonymous_14)","decl":{"start":{"line":36,"column":10},"end":{"line":36,"column":20}},"loc":{"start":{"line":36,"column":44},"end":{"line":48,"column":null}}},"5":{"name":"(anonymous_16)","decl":{"start":{"line":50,"column":10},"end":{"line":50,"column":20}},"loc":{"start":{"line":50,"column":31},"end":{"line":57,"column":null}}}},"branchMap":{"0":{"loc":{"start":{"line":5,"column":33},"end":{"line":5,"column":60}},"type":"default-arg","locations":[{"start":{"line":5,"column":42},"end":{"line":5,"column":60}}]}},"s":{"0":1,"1":1,"2":0,"3":0,"4":1,"5":0,"6":0,"7":1},"f":{"0":1,"1":0,"2":0,"3":1,"4":0,"5":0},"b":{"0":[1]}}
}
