TN:
SF:src/services/encrypter/index.ts
FN:4,(anonymous_7)
FN:8,(anonymous_9)
FNF:2
FNH:1
FNDA:0,(anonymous_7)
FNDA:1,(anonymous_9)
DA:1,1
DA:3,1
DA:5,0
DA:9,1
LF:4
LH:3
BRF:0
BRH:0
end_of_record
TN:
SF:src/services/login/index.ts
FN:7,(anonymous_7)
FN:11,(anonymous_8)
FNF:2
FNH:2
FNDA:1,(anonymous_7)
FNDA:1,(anonymous_8)
DA:1,1
DA:2,1
DA:3,1
DA:4,1
DA:6,1
DA:8,1
DA:12,1
DA:14,1
DA:15,0
DA:18,1
DA:20,1
DA:21,0
DA:24,1
DA:33,1
LF:14
LH:12
BRDA:8,0,0,1
BRDA:14,1,0,0
BRDA:20,2,0,0
BRF:3
BRH:1
end_of_record
TN:
SF:src/services/user/index.ts
FN:5,(anonymous_7)
FN:7,(anonymous_8)
FN:18,(anonymous_10)
FN:27,(anonymous_12)
FN:36,(anonymous_14)
FN:50,(anonymous_16)
FNF:6
FNH:2
FNDA:1,(anonymous_7)
FNDA:0,(anonymous_8)
FNDA:0,(anonymous_10)
FNDA:1,(anonymous_12)
FNDA:0,(anonymous_14)
FNDA:0,(anonymous_16)
DA:1,1
DA:4,1
DA:5,1
DA:9,0
DA:20,0
DA:29,1
DA:38,0
DA:52,0
LF:8
LH:4
BRDA:5,0,0,1
BRF:1
BRH:1
end_of_record
